<?xml version="1.0" encoding="UTF-8"?>
<testng-results skipped="0" failed="0" total="6" passed="6">
  <reporter-output>
  </reporter-output>
  <suite name="Default suite" duration-ms="37575" started-at="2015-04-22T00:38:28Z" finished-at="2015-04-22T00:39:06Z">
    <groups>
    </groups>
    <test name="Default test" duration-ms="37575" started-at="2015-04-22T00:38:28Z" finished-at="2015-04-22T00:39:06Z">
      <class name="com.example.tests.AdditionalGroupCreationTests">
        <test-method status="PASS" signature="testEmptyGroupCreation()[pri:0, instance:com.example.tests.AdditionalGroupCreationTests@282ba1e]" name="testEmptyGroupCreation" duration-ms="4158" started-at="2015-04-21T17:38:58Z" finished-at="2015-04-21T17:39:02Z">
          <reporter-output>
          </reporter-output>
        </test-method> <!-- testEmptyGroupCreation -->
        <test-method status="PASS" signature="testNonEmptyGroupCreation()[pri:0, instance:com.example.tests.AdditionalGroupCreationTests@282ba1e]" name="testNonEmptyGroupCreation" duration-ms="3658" started-at="2015-04-21T17:39:02Z" finished-at="2015-04-21T17:39:06Z">
          <reporter-output>
          </reporter-output>
        </test-method> <!-- testNonEmptyGroupCreation -->
      </class> <!-- com.example.tests.AdditionalGroupCreationTests -->
      <class name="com.example.tests.AddNewContactTests">
        <test-method status="PASS" signature="setUp()[pri:0, instance:com.example.tests.AddNewContactTests@31b7dea0]" name="setUp" is-config="true" duration-ms="9594" started-at="2015-04-21T17:38:28Z" finished-at="2015-04-21T17:38:38Z">
          <reporter-output>
          </reporter-output>
        </test-method> <!-- setUp -->
        <test-method status="PASS" signature="testEmptyContactCreation()[pri:0, instance:com.example.tests.AddNewContactTests@31b7dea0]" name="testEmptyContactCreation" duration-ms="6280" started-at="2015-04-21T17:38:38Z" finished-at="2015-04-21T17:38:44Z">
          <reporter-output>
          </reporter-output>
        </test-method> <!-- testEmptyContactCreation -->
        <test-method status="PASS" signature="testNonEmptyContactCreation()[pri:0, instance:com.example.tests.AddNewContactTests@31b7dea0]" name="testNonEmptyContactCreation" duration-ms="7145" started-at="2015-04-21T17:38:44Z" finished-at="2015-04-21T17:38:52Z">
          <reporter-output>
          </reporter-output>
        </test-method> <!-- testNonEmptyContactCreation -->
        <test-method status="PASS" signature="tearDown()[pri:0, instance:com.example.tests.AddNewContactTests@31b7dea0]" name="tearDown" is-config="true" duration-ms="416" started-at="2015-04-21T17:39:06Z" finished-at="2015-04-21T17:39:06Z">
          <reporter-output>
          </reporter-output>
        </test-method> <!-- tearDown -->
      </class> <!-- com.example.tests.AddNewContactTests -->
      <class name="com.example.tests.GroupCreationTests">
        <test-method status="PASS" signature="testEmptyGroupCreation()[pri:0, instance:com.example.tests.GroupCreationTests@13b6d03]" name="testEmptyGroupCreation" duration-ms="3108" started-at="2015-04-21T17:38:52Z" finished-at="2015-04-21T17:38:55Z">
          <reporter-output>
          </reporter-output>
        </test-method> <!-- testEmptyGroupCreation -->
        <test-method status="PASS" signature="testNonEmptyGroupCreation()[pri:0, instance:com.example.tests.GroupCreationTests@13b6d03]" name="testNonEmptyGroupCreation" duration-ms="3188" started-at="2015-04-21T17:38:55Z" finished-at="2015-04-21T17:38:58Z">
          <reporter-output>
          </reporter-output>
        </test-method> <!-- testNonEmptyGroupCreation -->
      </class> <!-- com.example.tests.GroupCreationTests -->
    </test> <!-- Default test -->
  </suite> <!-- Default suite -->
</testng-results>
