<?xml version="1.0" encoding="UTF-8"?>
<!-- Generated by org.testng.reporters.JUnitXMLReporter -->
<testsuite hostname="La-Fleur" name="Default test" tests="6" failures="0" timestamp="22 Apr 2015 00:39:06 GMT" time="37.575" errors="0">
  <testcase name="testEmptyContactCreation" time="6.28" classname="com.example.tests.AddNewContactTests"/>
  <testcase name="testNonEmptyContactCreation" time="7.145" classname="com.example.tests.AddNewContactTests"/>
  <testcase name="testEmptyGroupCreation" time="3.108" classname="com.example.tests.GroupCreationTests"/>
  <testcase name="testNonEmptyGroupCreation" time="3.188" classname="com.example.tests.GroupCreationTests"/>
  <testcase name="testEmptyGroupCreation" time="4.158" classname="com.example.tests.AdditionalGroupCreationTests"/>
  <testcase name="testNonEmptyGroupCreation" time="3.658" classname="com.example.tests.AdditionalGroupCreationTests"/>
</testsuite> <!-- Default test -->
